<?xml version="1.0" encoding="UTF-8"?>
<testsuite xmlns:xsi="http://www.w3.org/2001/XMLSchema-instance" xsi:noNamespaceSchemaLocation="https://maven.apache.org/surefire/maven-failsafe-plugin/xsd/failsafe-test-report.xsd" name="org.acme.quickstart.NativeGreetingResourceIT" time="2.046" tests="2" errors="0" skipped="0" failures="0">
  <properties>
[...]
</properties>
  <testcase name="testHelloEndpoint" classname="org.acme.quickstart.NativeGreetingResourceIT" time="1.755"/>
  <testcase name="testGreetingEndpoint" classname="org.acme.quickstart.NativeGreetingResourceIT" time="0.032"/>
</testsuite>